[pool-1-thread-1] INFO  com.automation.common.Mappings  - Application loaded and pointing to https://phptravels.com/demo/
[pool-1-thread-1] INFO  com.automation.common.Mappings  - Application loaded and pointing to https://phptravels.com/demo/
[pool-1-thread-1] INFO  com.automation.common.Mappings  - *******************Scenario Passed*******************
[pool-1-thread-1] INFO  com.automation.common.Mappings  - Application loaded and pointing to https://phptravels.com/demo/
[pool-1-thread-1] INFO  com.automation.common.Mappings  - *******************Scenario Passed*******************
[pool-1-thread-1] INFO  com.automation.common.Mappings  - Application loaded and pointing to https://phptravels.com/demo/
[pool-1-thread-1] ERROR com.automation.common.Mappings  - *******************Scenario Failed*******************
[pool-1-thread-1] INFO  com.automation.common.Mappings  - Application loaded and pointing to https://phptravels.com/demo/
[pool-1-thread-1] ERROR com.automation.common.Mappings  - *******************Scenario Failed*******************
[pool-1-thread-1] INFO  com.automation.common.Mappings  - Application loaded and pointing to https://phptravels.com/demo/
[pool-1-thread-1] ERROR com.automation.common.Mappings  - *******************Scenario Failed*******************
[pool-1-thread-1] INFO  com.automation.common.Mappings  - Application loaded and pointing to https://phptravels.com/demo/
[pool-1-thread-1] ERROR com.automation.common.Mappings  - *******************Scenario Failed*******************
[pool-1-thread-1] INFO  com.automation.common.Mappings  - Application loaded and pointing to https://phptravels.com/demo/
[pool-1-thread-1] ERROR com.automation.common.Mappings  - *******************Scenario Failed*******************
[pool-1-thread-1] INFO  com.automation.common.Mappings  - Application loaded and pointing to https://phptravels.com/demo/
[pool-1-thread-1] ERROR com.automation.common.Mappings  - *******************Scenario Failed*******************
[pool-1-thread-1] INFO  com.automation.common.Mappings  - Application loaded and pointing to https://phptravels.com/demo/
[pool-1-thread-1] ERROR com.automation.common.Mappings  - *******************Scenario Failed*******************
[pool-1-thread-1] INFO  com.automation.common.Mappings  - Application loaded and pointing to https://phptravels.com/demo/
[pool-1-thread-1] ERROR com.automation.common.Mappings  - *******************Scenario Failed*******************
[pool-1-thread-1] INFO  com.automation.common.Mappings  - Application loaded and pointing to https://phptravels.com/demo/
[pool-1-thread-1] ERROR com.automation.common.Mappings  - *******************Scenario Failed*******************
[pool-1-thread-1] INFO  com.automation.common.Mappings  - Application loaded and pointing to https://phptravels.com/demo/
[pool-1-thread-1] ERROR com.automation.common.Mappings  - *******************Scenario Failed*******************
[pool-1-thread-1] INFO  com.automation.common.Mappings  - Application loaded and pointing to https://phptravels.com/demo/
[pool-1-thread-1] ERROR com.automation.common.Mappings  - *******************Scenario Failed*******************
[pool-1-thread-1] INFO  com.automation.common.Mappings  - Application loaded and pointing to https://phptravels.com/demo/
[pool-1-thread-1] ERROR com.automation.common.Mappings  - *******************Scenario Failed*******************
[pool-1-thread-1] INFO  com.automation.common.Mappings  - Application loaded and pointing to https://phptravels.com/demo/
[pool-1-thread-1] ERROR com.automation.common.Mappings  - *******************Scenario Failed*******************
[pool-1-thread-1] INFO  com.automation.common.Mappings  - Application loaded and pointing to https://phptravels.com/demo/
[pool-1-thread-1] ERROR com.automation.common.Mappings  - *******************Scenario Failed*******************
[pool-1-thread-1] INFO  com.automation.common.Mappings  - Application loaded and pointing to https://phptravels.com/demo/
[pool-1-thread-1] ERROR com.automation.common.Mappings  - *******************Scenario Failed*******************
[pool-1-thread-1] INFO  com.automation.common.Mappings  - Application loaded and pointing to https://phptravels.com/demo/
[pool-1-thread-1] ERROR com.automation.common.Mappings  - *******************Scenario Failed*******************
[pool-1-thread-1] INFO  com.automation.common.Mappings  - Application loaded and pointing to https://phptravels.com/demo/
[pool-1-thread-1] ERROR com.automation.common.Mappings  - *******************Scenario Failed*******************
[pool-1-thread-1] INFO  com.automation.common.Mappings  - Application loaded and pointing to https://phptravels.com/demo/
[pool-1-thread-1] ERROR com.automation.common.Mappings  - *******************Scenario Failed*******************
[pool-1-thread-1] INFO  com.automation.common.Mappings  - Application loaded and pointing to https://phptravels.com/demo/
[pool-1-thread-1] INFO  com.automation.common.Mappings  - Creating FolderC:\Users\lenovo\phpTravels\automation/target/report/imgs/
[pool-1-thread-1] INFO  com.automation.common.Mappings  - *******************Scenario Passed ! Executing close browser*******************
[pool-1-thread-1] INFO  com.automation.common.Mappings  - Application loaded and pointing to https://phptravels.com/demo/
[pool-1-thread-1] INFO  com.automation.common.Mappings  - Creating FolderC:\Users\lenovo\phpTravels\automation/target/report/imgs/
[pool-1-thread-1] INFO  com.automation.common.Mappings  - *******************Scenario Passed ! Executing close browser*******************
[pool-1-thread-1] INFO  com.automation.common.Mappings  - Application loaded and pointing to https://phptravels.com/demo/
[pool-1-thread-1] INFO  com.automation.common.Mappings  - Creating FolderC:\Users\lenovo\phpTravels\automation/target/report/imgs/
[pool-1-thread-1] INFO  com.automation.common.Mappings  - *******************Scenario Passed ! Executing close browser*******************
[pool-1-thread-1] INFO  com.automation.common.Mappings  - Application loaded and pointing to https://phptravels.com/demo/
[pool-1-thread-1] INFO  com.automation.common.Mappings  - Creating FolderC:\Users\lenovo\phpTravels\automation/target/report/imgs/
[pool-1-thread-1] INFO  com.automation.common.Mappings  - *******************Scenario Passed ! Executing close browser*******************
[pool-1-thread-1] INFO  com.automation.common.Mappings  - Application loaded and pointing to https://phptravels.com/demo/
[pool-1-thread-1] INFO  com.automation.common.Mappings  - Creating FolderC:\Users\lenovo\phpTravels\automation/target/report/imgs/
[pool-1-thread-1] INFO  com.automation.common.Mappings  - *******************Scenario Passed ! Executing close browser*******************
[pool-1-thread-1] INFO  com.automation.common.Mappings  - Application loaded and pointing to https://phptravels.com/demo/
[pool-1-thread-1] INFO  com.automation.common.Mappings  - Creating FolderC:\Users\lenovo\phpTravels\automation/target/report/imgs/
[pool-1-thread-1] INFO  com.automation.common.Mappings  - *******************Scenario Passed ! Executing close browser*******************
[pool-1-thread-2] INFO  com.automation.common.Mappings  - Application loaded and pointing to https://phptravels.com/demo/
[pool-1-thread-1] INFO  com.automation.common.Mappings  - Application loaded and pointing to https://phptravels.com/demo/
[pool-1-thread-2] INFO  com.automation.common.Mappings  - Creating FolderC:\Users\lenovo\phpTravels\automation/target/report/imgs/
[pool-1-thread-1] INFO  com.automation.common.Mappings  - Creating FolderC:\Users\lenovo\phpTravels\automation/target/report/imgs/
[pool-1-thread-2] INFO  com.automation.common.Mappings  - *******************Scenario Passed ! Executing close browser*******************
[pool-1-thread-1] INFO  com.automation.common.Mappings  - *******************Scenario Passed ! Executing close browser*******************
[pool-1-thread-1] INFO  com.automation.common.Mappings  - Application loaded and pointing to https://phptravels.com/demo/
[pool-1-thread-2] INFO  com.automation.common.Mappings  - Application loaded and pointing to https://phptravels.com/demo/
[pool-1-thread-1] INFO  com.automation.common.Mappings  - Creating FolderC:\Users\lenovo\phpTravels\automation/target/report/imgs/
[pool-1-thread-2] INFO  com.automation.common.Mappings  - Folder is already available in directory !
[pool-1-thread-1] INFO  com.automation.common.Mappings  - *******************Scenario Passed ! Executing close browser*******************
[pool-1-thread-2] INFO  com.automation.common.Mappings  - *******************Scenario Passed ! Executing close browser*******************
